Performing C SOURCE FILE Test CMAKE_HAVE_LIBC_PTHREAD failed with the following output:
Change Dir: /home/khoirlnwar/COMM_workspace/build/catkin_tools_prebuild/CMakeFiles/CMakeTmp

Run Build Command(s):/usr/bin/make cmTC_c38bb/fast && /usr/bin/make -f CMakeFiles/cmTC_c38bb.dir/build.make CMakeFiles/cmTC_c38bb.dir/build
make[1]: Entering directory '/home/khoirlnwar/COMM_workspace/build/catkin_tools_prebuild/CMakeFiles/CMakeTmp'
Building C object CMakeFiles/cmTC_c38bb.dir/src.c.o
/usr/bin/cc   -DCMAKE_HAVE_LIBC_PTHREAD   -o CMakeFiles/cmTC_c38bb.dir/src.c.o   -c /home/khoirlnwar/COMM_workspace/build/catkin_tools_prebuild/CMakeFiles/CMakeTmp/src.c
Linking C executable cmTC_c38bb
/usr/local/bin/cmake -E cmake_link_script CMakeFiles/cmTC_c38bb.dir/link.txt --verbose=1
/usr/bin/cc  -DCMAKE_HAVE_LIBC_PTHREAD    -rdynamic CMakeFiles/cmTC_c38bb.dir/src.c.o  -o cmTC_c38bb 
CMakeFiles/cmTC_c38bb.dir/src.c.o: In function `main':
src.c:(.text+0x3c): undefined reference to `pthread_create'
src.c:(.text+0x48): undefined reference to `pthread_detach'
src.c:(.text+0x59): undefined reference to `pthread_join'
src.c:(.text+0x6d): undefined reference to `pthread_atfork'
collect2: error: ld returned 1 exit status
CMakeFiles/cmTC_c38bb.dir/build.make:86: recipe for target 'cmTC_c38bb' failed
make[1]: *** [cmTC_c38bb] Error 1
make[1]: Leaving directory '/home/khoirlnwar/COMM_workspace/build/catkin_tools_prebuild/CMakeFiles/CMakeTmp'
Makefile:121: recipe for target 'cmTC_c38bb/fast' failed
make: *** [cmTC_c38bb/fast] Error 2


Source file was:
#include <pthread.h>

void* test_func(void* data)
{
  return data;
}

int main(void)
{
  pthread_t thread;
  pthread_create(&thread, NULL, test_func, NULL);
  pthread_detach(thread);
  pthread_join(thread, NULL);
  pthread_atfork(NULL, NULL, NULL);
  pthread_exit(NULL);

  return 0;
}

Determining if the function pthread_create exists in the pthreads failed with the following output:
Change Dir: /home/khoirlnwar/COMM_workspace/build/catkin_tools_prebuild/CMakeFiles/CMakeTmp

Run Build Command(s):/usr/bin/make cmTC_d1413/fast && /usr/bin/make -f CMakeFiles/cmTC_d1413.dir/build.make CMakeFiles/cmTC_d1413.dir/build
make[1]: Entering directory '/home/khoirlnwar/COMM_workspace/build/catkin_tools_prebuild/CMakeFiles/CMakeTmp'
Building C object CMakeFiles/cmTC_d1413.dir/CheckFunctionExists.c.o
/usr/bin/cc   -DCHECK_FUNCTION_EXISTS=pthread_create   -o CMakeFiles/cmTC_d1413.dir/CheckFunctionExists.c.o   -c /usr/local/share/cmake-3.15/Modules/CheckFunctionExists.c
Linking C executable cmTC_d1413
/usr/local/bin/cmake -E cmake_link_script CMakeFiles/cmTC_d1413.dir/link.txt --verbose=1
/usr/bin/cc  -DCHECK_FUNCTION_EXISTS=pthread_create    -rdynamic CMakeFiles/cmTC_d1413.dir/CheckFunctionExists.c.o  -o cmTC_d1413 -lpthreads 
/usr/bin/ld: cannot find -lpthreads
collect2: error: ld returned 1 exit status
CMakeFiles/cmTC_d1413.dir/build.make:86: recipe for target 'cmTC_d1413' failed
make[1]: *** [cmTC_d1413] Error 1
make[1]: Leaving directory '/home/khoirlnwar/COMM_workspace/build/catkin_tools_prebuild/CMakeFiles/CMakeTmp'
Makefile:121: recipe for target 'cmTC_d1413/fast' failed
make: *** [cmTC_d1413/fast] Error 2



