Linked: (/home/khoirlnwar/COMM_workspace/devel/.private/ersow_comm/lib/python2.7/dist-packages/ersow_comm/__init__.py, /home/khoirlnwar/COMM_workspace/devel/lib/python2.7/dist-packages/ersow_comm/__init__.py)
Linked: (/home/khoirlnwar/COMM_workspace/devel/.private/ersow_comm/lib/python2.7/dist-packages/ersow_comm/msg/__init__.py, /home/khoirlnwar/COMM_workspace/devel/lib/python2.7/dist-packages/ersow_comm/msg/__init__.py)
Linked: (/home/khoirlnwar/COMM_workspace/devel/.private/ersow_comm/lib/python2.7/dist-packages/ersow_comm/msg/_data_agent0.py, /home/khoirlnwar/COMM_workspace/devel/lib/python2.7/dist-packages/ersow_comm/msg/_data_agent0.py)
Linked: (/home/khoirlnwar/COMM_workspace/devel/.private/ersow_comm/lib/python2.7/dist-packages/ersow_comm/msg/_data_agent2.py, /home/khoirlnwar/COMM_workspace/devel/lib/python2.7/dist-packages/ersow_comm/msg/_data_agent2.py)
Linked: (/home/khoirlnwar/COMM_workspace/devel/.private/ersow_comm/lib/python2.7/dist-packages/ersow_comm/msg/_data_agent3.py, /home/khoirlnwar/COMM_workspace/devel/lib/python2.7/dist-packages/ersow_comm/msg/_data_agent3.py)
Linked: (/home/khoirlnwar/COMM_workspace/devel/.private/ersow_comm/lib/python2.7/dist-packages/ersow_comm/msg/_data_agent1.py, /home/khoirlnwar/COMM_workspace/devel/lib/python2.7/dist-packages/ersow_comm/msg/_data_agent1.py)
Linked: (/home/khoirlnwar/COMM_workspace/devel/.private/ersow_comm/lib/ersow_comm/learn_node, /home/khoirlnwar/COMM_workspace/devel/lib/ersow_comm/learn_node)
Linked: (/home/khoirlnwar/COMM_workspace/devel/.private/ersow_comm/lib/ersow_comm/strategy_node, /home/khoirlnwar/COMM_workspace/devel/lib/ersow_comm/strategy_node)
Linked: (/home/khoirlnwar/COMM_workspace/devel/.private/ersow_comm/lib/ersow_comm/ratdma_node, /home/khoirlnwar/COMM_workspace/devel/lib/ersow_comm/ratdma_node)
Linked: (/home/khoirlnwar/COMM_workspace/devel/.private/ersow_comm/lib/ersow_comm/comm_node, /home/khoirlnwar/COMM_workspace/devel/lib/ersow_comm/comm_node)
Linked: (/home/khoirlnwar/COMM_workspace/devel/.private/ersow_comm/lib/pkgconfig/ersow_comm.pc, /home/khoirlnwar/COMM_workspace/devel/lib/pkgconfig/ersow_comm.pc)
Linked: (/home/khoirlnwar/COMM_workspace/devel/.private/ersow_comm/include/ersow_comm/data_agent2.h, /home/khoirlnwar/COMM_workspace/devel/include/ersow_comm/data_agent2.h)
Linked: (/home/khoirlnwar/COMM_workspace/devel/.private/ersow_comm/include/ersow_comm/data_agent1.h, /home/khoirlnwar/COMM_workspace/devel/include/ersow_comm/data_agent1.h)
Linked: (/home/khoirlnwar/COMM_workspace/devel/.private/ersow_comm/include/ersow_comm/data_agent3.h, /home/khoirlnwar/COMM_workspace/devel/include/ersow_comm/data_agent3.h)
Linked: (/home/khoirlnwar/COMM_workspace/devel/.private/ersow_comm/include/ersow_comm/data_agent0.h, /home/khoirlnwar/COMM_workspace/devel/include/ersow_comm/data_agent0.h)
Linked: (/home/khoirlnwar/COMM_workspace/devel/.private/ersow_comm/share/gennodejs/ros/ersow_comm/_index.js, /home/khoirlnwar/COMM_workspace/devel/share/gennodejs/ros/ersow_comm/_index.js)
Linked: (/home/khoirlnwar/COMM_workspace/devel/.private/ersow_comm/share/gennodejs/ros/ersow_comm/msg/data_agent3.js, /home/khoirlnwar/COMM_workspace/devel/share/gennodejs/ros/ersow_comm/msg/data_agent3.js)
Linked: (/home/khoirlnwar/COMM_workspace/devel/.private/ersow_comm/share/gennodejs/ros/ersow_comm/msg/_index.js, /home/khoirlnwar/COMM_workspace/devel/share/gennodejs/ros/ersow_comm/msg/_index.js)
Linked: (/home/khoirlnwar/COMM_workspace/devel/.private/ersow_comm/share/gennodejs/ros/ersow_comm/msg/data_agent2.js, /home/khoirlnwar/COMM_workspace/devel/share/gennodejs/ros/ersow_comm/msg/data_agent2.js)
Linked: (/home/khoirlnwar/COMM_workspace/devel/.private/ersow_comm/share/gennodejs/ros/ersow_comm/msg/data_agent1.js, /home/khoirlnwar/COMM_workspace/devel/share/gennodejs/ros/ersow_comm/msg/data_agent1.js)
Linked: (/home/khoirlnwar/COMM_workspace/devel/.private/ersow_comm/share/gennodejs/ros/ersow_comm/msg/data_agent0.js, /home/khoirlnwar/COMM_workspace/devel/share/gennodejs/ros/ersow_comm/msg/data_agent0.js)
Linked: (/home/khoirlnwar/COMM_workspace/devel/.private/ersow_comm/share/ersow_comm/cmake/ersow_comm-msg-paths.cmake, /home/khoirlnwar/COMM_workspace/devel/share/ersow_comm/cmake/ersow_comm-msg-paths.cmake)
Linked: (/home/khoirlnwar/COMM_workspace/devel/.private/ersow_comm/share/ersow_comm/cmake/ersow_comm-msg-extras.cmake, /home/khoirlnwar/COMM_workspace/devel/share/ersow_comm/cmake/ersow_comm-msg-extras.cmake)
Linked: (/home/khoirlnwar/COMM_workspace/devel/.private/ersow_comm/share/ersow_comm/cmake/ersow_commConfig.cmake, /home/khoirlnwar/COMM_workspace/devel/share/ersow_comm/cmake/ersow_commConfig.cmake)
Linked: (/home/khoirlnwar/COMM_workspace/devel/.private/ersow_comm/share/ersow_comm/cmake/ersow_commConfig-version.cmake, /home/khoirlnwar/COMM_workspace/devel/share/ersow_comm/cmake/ersow_commConfig-version.cmake)
Linked: (/home/khoirlnwar/COMM_workspace/devel/.private/ersow_comm/share/common-lisp/ros/ersow_comm/msg/_package.lisp, /home/khoirlnwar/COMM_workspace/devel/share/common-lisp/ros/ersow_comm/msg/_package.lisp)
Linked: (/home/khoirlnwar/COMM_workspace/devel/.private/ersow_comm/share/common-lisp/ros/ersow_comm/msg/data_agent3.lisp, /home/khoirlnwar/COMM_workspace/devel/share/common-lisp/ros/ersow_comm/msg/data_agent3.lisp)
Linked: (/home/khoirlnwar/COMM_workspace/devel/.private/ersow_comm/share/common-lisp/ros/ersow_comm/msg/_package_data_agent2.lisp, /home/khoirlnwar/COMM_workspace/devel/share/common-lisp/ros/ersow_comm/msg/_package_data_agent2.lisp)
Linked: (/home/khoirlnwar/COMM_workspace/devel/.private/ersow_comm/share/common-lisp/ros/ersow_comm/msg/ersow_comm-msg.asd, /home/khoirlnwar/COMM_workspace/devel/share/common-lisp/ros/ersow_comm/msg/ersow_comm-msg.asd)
Linked: (/home/khoirlnwar/COMM_workspace/devel/.private/ersow_comm/share/common-lisp/ros/ersow_comm/msg/data_agent2.lisp, /home/khoirlnwar/COMM_workspace/devel/share/common-lisp/ros/ersow_comm/msg/data_agent2.lisp)
Linked: (/home/khoirlnwar/COMM_workspace/devel/.private/ersow_comm/share/common-lisp/ros/ersow_comm/msg/data_agent0.lisp, /home/khoirlnwar/COMM_workspace/devel/share/common-lisp/ros/ersow_comm/msg/data_agent0.lisp)
Linked: (/home/khoirlnwar/COMM_workspace/devel/.private/ersow_comm/share/common-lisp/ros/ersow_comm/msg/_package_data_agent1.lisp, /home/khoirlnwar/COMM_workspace/devel/share/common-lisp/ros/ersow_comm/msg/_package_data_agent1.lisp)
Linked: (/home/khoirlnwar/COMM_workspace/devel/.private/ersow_comm/share/common-lisp/ros/ersow_comm/msg/_package_data_agent3.lisp, /home/khoirlnwar/COMM_workspace/devel/share/common-lisp/ros/ersow_comm/msg/_package_data_agent3.lisp)
Linked: (/home/khoirlnwar/COMM_workspace/devel/.private/ersow_comm/share/common-lisp/ros/ersow_comm/msg/data_agent1.lisp, /home/khoirlnwar/COMM_workspace/devel/share/common-lisp/ros/ersow_comm/msg/data_agent1.lisp)
Linked: (/home/khoirlnwar/COMM_workspace/devel/.private/ersow_comm/share/common-lisp/ros/ersow_comm/msg/_package_data_agent0.lisp, /home/khoirlnwar/COMM_workspace/devel/share/common-lisp/ros/ersow_comm/msg/_package_data_agent0.lisp)
Linked: (/home/khoirlnwar/COMM_workspace/devel/.private/ersow_comm/share/roseus/ros/ersow_comm/manifest.l, /home/khoirlnwar/COMM_workspace/devel/share/roseus/ros/ersow_comm/manifest.l)
Linked: (/home/khoirlnwar/COMM_workspace/devel/.private/ersow_comm/share/roseus/ros/ersow_comm/msg/data_agent2.l, /home/khoirlnwar/COMM_workspace/devel/share/roseus/ros/ersow_comm/msg/data_agent2.l)
Linked: (/home/khoirlnwar/COMM_workspace/devel/.private/ersow_comm/share/roseus/ros/ersow_comm/msg/data_agent3.l, /home/khoirlnwar/COMM_workspace/devel/share/roseus/ros/ersow_comm/msg/data_agent3.l)
Linked: (/home/khoirlnwar/COMM_workspace/devel/.private/ersow_comm/share/roseus/ros/ersow_comm/msg/data_agent1.l, /home/khoirlnwar/COMM_workspace/devel/share/roseus/ros/ersow_comm/msg/data_agent1.l)
Linked: (/home/khoirlnwar/COMM_workspace/devel/.private/ersow_comm/share/roseus/ros/ersow_comm/msg/data_agent0.l, /home/khoirlnwar/COMM_workspace/devel/share/roseus/ros/ersow_comm/msg/data_agent0.l)
