Symlinking /home/khoirlnwar/COMM_workspace/devel/lib/python2.7/dist-packages/ersow_comm/__init__.py
Symlinking /home/khoirlnwar/COMM_workspace/devel/lib/python2.7/dist-packages/ersow_comm/msg/__init__.py
Symlinking /home/khoirlnwar/COMM_workspace/devel/lib/python2.7/dist-packages/ersow_comm/msg/_data_agent0.py
Symlinking /home/khoirlnwar/COMM_workspace/devel/lib/python2.7/dist-packages/ersow_comm/msg/_data_agent2.py
Symlinking /home/khoirlnwar/COMM_workspace/devel/lib/python2.7/dist-packages/ersow_comm/msg/_data_agent3.py
Symlinking /home/khoirlnwar/COMM_workspace/devel/lib/python2.7/dist-packages/ersow_comm/msg/_data_agent1.py
Symlinking /home/khoirlnwar/COMM_workspace/devel/lib/ersow_comm/learn_node
Symlinking /home/khoirlnwar/COMM_workspace/devel/lib/ersow_comm/strategy_node
Symlinking /home/khoirlnwar/COMM_workspace/devel/lib/ersow_comm/ratdma_node
Symlinking /home/khoirlnwar/COMM_workspace/devel/lib/ersow_comm/comm_node
Symlinking /home/khoirlnwar/COMM_workspace/devel/lib/pkgconfig/ersow_comm.pc
Symlinking /home/khoirlnwar/COMM_workspace/devel/include/ersow_comm/data_agent2.h
Symlinking /home/khoirlnwar/COMM_workspace/devel/include/ersow_comm/data_agent1.h
Symlinking /home/khoirlnwar/COMM_workspace/devel/include/ersow_comm/data_agent3.h
Symlinking /home/khoirlnwar/COMM_workspace/devel/include/ersow_comm/data_agent0.h
Symlinking /home/khoirlnwar/COMM_workspace/devel/share/gennodejs/ros/ersow_comm/_index.js
Symlinking /home/khoirlnwar/COMM_workspace/devel/share/gennodejs/ros/ersow_comm/msg/data_agent3.js
Symlinking /home/khoirlnwar/COMM_workspace/devel/share/gennodejs/ros/ersow_comm/msg/_index.js
Symlinking /home/khoirlnwar/COMM_workspace/devel/share/gennodejs/ros/ersow_comm/msg/data_agent2.js
Symlinking /home/khoirlnwar/COMM_workspace/devel/share/gennodejs/ros/ersow_comm/msg/data_agent1.js
Symlinking /home/khoirlnwar/COMM_workspace/devel/share/gennodejs/ros/ersow_comm/msg/data_agent0.js
Symlinking /home/khoirlnwar/COMM_workspace/devel/share/ersow_comm/cmake/ersow_comm-msg-paths.cmake
Symlinking /home/khoirlnwar/COMM_workspace/devel/share/ersow_comm/cmake/ersow_comm-msg-extras.cmake
Symlinking /home/khoirlnwar/COMM_workspace/devel/share/ersow_comm/cmake/ersow_commConfig.cmake
Symlinking /home/khoirlnwar/COMM_workspace/devel/share/ersow_comm/cmake/ersow_commConfig-version.cmake
Symlinking /home/khoirlnwar/COMM_workspace/devel/share/common-lisp/ros/ersow_comm/msg/_package.lisp
Symlinking /home/khoirlnwar/COMM_workspace/devel/share/common-lisp/ros/ersow_comm/msg/data_agent3.lisp
Symlinking /home/khoirlnwar/COMM_workspace/devel/share/common-lisp/ros/ersow_comm/msg/_package_data_agent2.lisp
Symlinking /home/khoirlnwar/COMM_workspace/devel/share/common-lisp/ros/ersow_comm/msg/ersow_comm-msg.asd
Symlinking /home/khoirlnwar/COMM_workspace/devel/share/common-lisp/ros/ersow_comm/msg/data_agent2.lisp
Symlinking /home/khoirlnwar/COMM_workspace/devel/share/common-lisp/ros/ersow_comm/msg/data_agent0.lisp
Symlinking /home/khoirlnwar/COMM_workspace/devel/share/common-lisp/ros/ersow_comm/msg/_package_data_agent1.lisp
Symlinking /home/khoirlnwar/COMM_workspace/devel/share/common-lisp/ros/ersow_comm/msg/_package_data_agent3.lisp
Symlinking /home/khoirlnwar/COMM_workspace/devel/share/common-lisp/ros/ersow_comm/msg/data_agent1.lisp
Symlinking /home/khoirlnwar/COMM_workspace/devel/share/common-lisp/ros/ersow_comm/msg/_package_data_agent0.lisp
Symlinking /home/khoirlnwar/COMM_workspace/devel/share/roseus/ros/ersow_comm/manifest.l
Symlinking /home/khoirlnwar/COMM_workspace/devel/share/roseus/ros/ersow_comm/msg/data_agent2.l
Symlinking /home/khoirlnwar/COMM_workspace/devel/share/roseus/ros/ersow_comm/msg/data_agent3.l
Symlinking /home/khoirlnwar/COMM_workspace/devel/share/roseus/ros/ersow_comm/msg/data_agent1.l
Symlinking /home/khoirlnwar/COMM_workspace/devel/share/roseus/ros/ersow_comm/msg/data_agent0.l
